\BOOKMARK [0][-]{chapter*.1}{\376\377\144\130\211\201}{}% 1
\BOOKMARK [0][-]{chapter*.2}{\376\377\000A\000b\000s\000t\000r\000a\000c\000t}{}% 2
\BOOKMARK [0][-]{chapter*.3}{\376\377\126\376\166\356\137\125}{}% 3
\BOOKMARK [0][-]{chapter*.4}{\376\377\210\150\166\356\137\125}{}% 4
\BOOKMARK [0][-]{chapter.1}{\376\377\176\352\213\272}{}% 5
\BOOKMARK [1][-]{section.1.1}{\376\377\170\024\172\166\200\314\146\157\123\312\141\017\116\111}{chapter.1}% 6
\BOOKMARK [1][-]{section.1.2}{\376\377\126\375\121\205\131\026\170\024\172\166\163\260\162\266}{chapter.1}% 7
\BOOKMARK [2][-]{subsection.1.2.1}{\376\377\145\131\136\010\145\131\133\146\230\316\150\074\377\032\116\316\164\006\213\272\122\006\174\173\122\060\213\241\173\227\136\372\152\041}{section.1.2}% 8
\BOOKMARK [2][-]{subsection.1.2.2}{\376\377\213\376\130\002\131\032\152\041\140\001\122\006\147\220\142\200\147\057\166\204\123\321\134\125}{section.1.2}% 9
\BOOKMARK [2][-]{subsection.1.2.3}{\376\377\213\355\227\363\116\016\213\355\116\111\122\006\147\220\142\200\147\057}{section.1.2}% 10
\BOOKMARK [2][-]{subsection.1.2.4}{\376\377\211\306\230\221\116\016\210\114\116\072\213\306\122\053\142\200\147\057}{section.1.2}% 11
\BOOKMARK [2][-]{subsection.1.2.5}{\376\377\145\260\121\164\142\200\147\057\377\032\154\350\141\017\122\233\147\072\122\066\116\016\133\236\145\366\122\006\147\220}{section.1.2}% 12
\BOOKMARK [2][-]{subsection.1.2.6}{\376\377\131\032\152\041\140\001\207\215\124\010\145\271\154\325\377\032\116\316\173\200\123\125\142\374\143\245\122\060\215\350\152\041\140\001\116\244\116\222}{section.1.2}% 13
\BOOKMARK [2][-]{subsection.1.2.7}{\376\377\145\351\147\037\207\215\124\010\173\126\165\145}{section.1.2}% 14
\BOOKMARK [2][-]{subsection.1.2.8}{\376\377\154\350\141\017\122\233\147\072\122\066\232\161\122\250\166\204\215\350\152\041\140\001\116\244\116\222}{section.1.2}% 15
\BOOKMARK [2][-]{subsection.1.2.9}{\376\377\123\357\211\343\221\312\140\047\116\016\217\173\221\317\123\026\215\213\122\277}{section.1.2}% 16
\BOOKMARK [2][-]{subsection.1.2.10}{\376\377\163\260\147\011\170\024\172\166\166\204\116\015\215\263\116\016\123\321\134\125\215\213\122\277}{section.1.2}% 17
\BOOKMARK [2][-]{subsection.1.2.11}{\376\377\147\054\170\024\172\166\166\204\133\232\117\115\116\016\122\033\145\260}{section.1.2}% 18
\BOOKMARK [1][-]{section.1.3}{\376\377\123\302\200\003\145\207\163\056}{chapter.1}% 19
\BOOKMARK [1][-]{section.1.4}{\376\377\170\024\172\166\166\356\150\007\116\016\121\205\133\271}{chapter.1}% 20
\BOOKMARK [1][-]{section.1.5}{\376\377\213\272\145\207\176\304\176\307\176\323\147\204}{chapter.1}% 21
\BOOKMARK [0][-]{chapter.2}{\376\377\166\370\121\163\151\202\137\365\123\312\170\024\172\166}{}% 22
\BOOKMARK [1][-]{subsection.2.0.1}{\376\377\0002\000.\0001\145\131\136\010\145\131\133\146\230\316\150\074}{chapter.2}% 23
\BOOKMARK [2][-]{subsection.2.0.2}{\376\377\0002\000.\0002\000\040\145\131\200\262\127\072\146\157\116\055\166\204\131\032\152\041\140\001\122\006\147\220\142\200\147\057}{subsection.2.0.1}% 24
\BOOKMARK [0][-]{chapter.3}{\376\377\166\370\121\163\151\202\137\365\123\312\170\024\172\166}{}% 25
\BOOKMARK [1][-]{section.3.1}{\376\377\145\131\136\010\145\131\133\146\230\316\150\074}{chapter.3}% 26
\BOOKMARK [2][-]{subsection.3.1.1}{\376\377\145\131\136\010\145\131\133\146\230\316\150\074\166\204\151\202\137\365\116\016\170\024\172\166\157\024\217\333}{section.3.1}% 27
\BOOKMARK [2][-]{subsection.3.1.2}{\376\377\145\131\136\010\145\131\133\146\230\316\150\074\166\204\122\006\174\173\117\123\174\373}{section.3.1}% 28
\BOOKMARK [2][-]{subsection.3.1.3}{\376\377\145\131\136\010\145\131\133\146\230\316\150\074\166\204\150\070\137\303\162\171\137\201\040\013}{section.3.1}% 29
\BOOKMARK [1][-]{section.3.2}{\376\377\145\131\200\262\127\072\146\157\116\055\166\204\131\032\152\041\140\001\122\006\147\220\142\200\147\057}{chapter.3}% 30
\BOOKMARK [2][-]{subsection.3.2.1}{\376\377\211\306\230\221\210\114\116\072\213\306\122\053\166\204\123\237\164\006\116\016\121\163\225\056\142\200\147\057}{section.3.2}% 31
\BOOKMARK [2][-]{subsection.3.2.2}{\376\377\227\363\230\221\213\306\122\053\116\016\213\355\227\363\140\305\176\352\122\006\147\220}{section.3.2}% 32
\BOOKMARK [2][-]{subsection.3.2.3}{\376\377\145\207\147\054\213\355\116\111\122\006\147\220\116\016\145\131\133\146\213\355\212\000\136\372\152\041}{section.3.2}% 33
\BOOKMARK [0][-]{chapter.4}{\376\377\170\024\172\166\145\271\154\325\116\016\140\073\117\123\213\276\213\241}{}% 34
\BOOKMARK [1][-]{section.4.1}{\376\377\174\373\176\337\140\073\117\123\140\035\215\357\116\016\170\024\172\166\150\106\147\266}{chapter.4}% 35
\BOOKMARK [0][-]{chapter.5}{\376\377\131\032\152\041\140\001\162\171\137\201\143\320\123\326}{}% 36
\BOOKMARK [1][-]{section.5.1}{\376\377\133\236\232\214\140\073\117\123\213\276\213\241}{chapter.5}% 37
\BOOKMARK [1][-]{section.5.2}{\376\377\227\363\230\221\152\041\140\001\162\171\137\201\143\320\123\326}{chapter.5}% 38
\BOOKMARK [1][-]{section.5.3}{\376\377\211\306\230\221\152\041\140\001\162\171\137\201\143\320\123\326\116\016\122\033\145\260\232\214\213\301}{chapter.5}% 39
\BOOKMARK [0][-]{chapter.6}{\376\377\145\131\136\010\230\316\150\074\165\073\120\317\122\006\147\220\174\373\176\337\213\276\213\241\116\016\133\236\163\260}{}% 40
\BOOKMARK [0][-]{chapter.7}{\376\377\145\131\136\010\230\316\150\074\165\073\120\317\122\006\147\220\174\373\176\337\213\276\213\241\116\016\133\236\163\260}{}% 41
\BOOKMARK [1][-]{subsection.7.0.1}{\376\377\0005\000.\0001\000\040\174\373\176\337\140\073\117\123\147\266\147\204}{chapter.7}% 42
\BOOKMARK [2][-]{subsection.7.0.2}{\376\377\0005\000.\0002\000\040\150\070\137\303\122\237\200\375\152\041\127\127\213\276\213\241}{subsection.7.0.1}% 43
\BOOKMARK [2][-]{subsection.7.0.3}{\376\377\0005\000.\0003\000\040\145\131\136\010\230\316\150\074\165\073\120\317\165\037\142\020\116\016\123\357\211\306\123\026}{subsection.7.0.1}% 44
\BOOKMARK [2][-]{subsection.7.0.4}{\376\377\0005\000.\0004\000\040\230\316\150\074\166\370\117\074\136\246\122\006\147\220\116\016\217\375\216\052}{subsection.7.0.1}% 45
\BOOKMARK [2][-]{subsection.7.0.5}{\376\377\0005\000.\0005\000\040\174\373\176\337\140\047\200\375\155\113\213\325\116\016\117\030\123\026}{subsection.7.0.1}% 46
\BOOKMARK [2][-]{subsection.7.0.6}{\376\377\0005\000.\0006\000\040\174\373\176\337\136\224\165\050\116\367\120\074\122\006\147\220}{subsection.7.0.1}% 47
\BOOKMARK [2][-]{subsection.7.0.7}{\376\377\0005\000.\0007\000\040\147\054\172\340\134\017\176\323}{subsection.7.0.1}% 48
\BOOKMARK [0][-]{chapter.8}{\376\377\140\073\176\323\116\016\134\125\147\033}{}% 49
\BOOKMARK [1][-]{subsection.8.0.1}{\376\377\0006\000.\0001\000\040\170\024\172\166\140\073\176\323}{chapter.8}% 50
\BOOKMARK [0][-]{chapter.9}{\376\377\140\073\176\323\116\016\134\125\147\033}{}% 51
\BOOKMARK [1][-]{section.9.1}{\376\377\170\024\172\166\140\073\176\323}{chapter.9}% 52
\BOOKMARK [2][-]{subsection.9.1.1}{\376\377\116\073\211\201\170\024\172\166\142\020\147\234}{section.9.1}% 53
\BOOKMARK [2][-]{subsection.9.1.2}{\376\377\133\236\232\214\232\214\213\301\176\323\213\272}{section.9.1}% 54
\BOOKMARK [1][-]{section.9.2}{\376\377\170\024\172\166\134\100\226\120\140\047}{chapter.9}% 55
\BOOKMARK [2][-]{subsection.9.2.1}{\376\377\145\160\143\156\134\102\227\142\166\204\134\100\226\120}{section.9.2}% 56
\BOOKMARK [2][-]{subsection.9.2.2}{\376\377\142\200\147\057\134\102\227\142\166\204\134\100\226\120}{section.9.2}% 57
\BOOKMARK [2][-]{subsection.9.2.3}{\376\377\136\224\165\050\134\102\227\142\166\204\134\100\226\120}{section.9.2}% 58
\BOOKMARK [1][-]{section.9.3}{\376\377\147\052\147\145\170\024\172\166\145\271\124\021}{chapter.9}% 59
\BOOKMARK [2][-]{subsection.9.3.1}{\376\377\152\041\127\213\117\030\123\026\116\016\142\151\134\125}{section.9.3}% 60
\BOOKMARK [2][-]{subsection.9.3.2}{\376\377\131\032\152\041\140\001\142\151\134\125}{section.9.3}% 61
\BOOKMARK [2][-]{subsection.9.3.3}{\376\377\226\220\171\301\117\335\142\244\116\016\117\046\164\006}{section.9.3}% 62
\BOOKMARK [1][-]{section.9.4}{\376\377\170\024\172\166\134\125\147\033}{chapter.9}% 63
\BOOKMARK [0][-]{Item.102}{\376\377\123\302\200\003\145\207\163\056}{}% 64
\BOOKMARK [0][-]{appendix*.54}{\376\377\123\321\210\150\213\272\145\207\124\214\171\321\170\024\140\305\121\265}{}% 65
