\BOOKMARK [0][-]{chapter*.1}{\376\377\144\130\211\201}{}% 1
\BOOKMARK [0][-]{chapter*.2}{\376\377\000A\000b\000s\000t\000r\000a\000c\000t}{}% 2
\BOOKMARK [0][-]{chapter*.3}{\376\377\126\376\166\356\137\125}{}% 3
\BOOKMARK [0][-]{chapter*.4}{\376\377\210\150\166\356\137\125}{}% 4
\BOOKMARK [0][-]{chapter.1}{\376\377\176\352\000\040\213\272}{}% 5
\BOOKMARK [1][-]{section.1.1}{\376\377\170\024\172\166\200\314\146\157\123\312\141\017\116\111}{chapter.1}% 6
\BOOKMARK [1][-]{section.1.2}{\376\377\126\375\121\205\131\026\170\024\172\166\163\260\162\266}{chapter.1}% 7
\BOOKMARK [2][-]{subsection.1.2.1}{\376\377\145\131\133\146\230\316\150\074\377\032\116\316\164\006\213\272\122\006\174\173\122\060\213\241\173\227\136\372\152\041}{section.1.2}% 8
\BOOKMARK [2][-]{subsection.1.2.2}{\376\377\131\032\152\041\140\001\122\006\147\220\142\200\147\057}{section.1.2}% 9
\BOOKMARK [2][-]{subsection.1.2.3}{\376\377\131\032\152\041\140\001\207\215\124\010\145\271\154\325}{section.1.2}% 10
\BOOKMARK [1][-]{section.1.3}{\376\377\170\024\172\166\166\356\150\007\116\016\121\205\133\271}{chapter.1}% 11
\BOOKMARK [1][-]{section.1.4}{\376\377\213\272\145\207\176\304\176\307\176\323\147\204}{chapter.1}% 12
\BOOKMARK [0][-]{chapter.2}{\376\377\166\370\121\163\151\202\137\365\123\312\170\024\172\166}{}% 13
\BOOKMARK [1][-]{section.2.1}{\376\377\145\131\136\010\145\131\133\146\230\316\150\074}{chapter.2}% 14
\BOOKMARK [2][-]{subsection.2.1.1}{\376\377\145\131\136\010\145\131\133\146\230\316\150\074\166\204\221\317\123\026\155\113\221\317}{section.2.1}% 15
\BOOKMARK [2][-]{subsection.2.1.2}{\376\377\145\131\133\146\230\316\150\074\166\204\164\006\213\272\122\006\174\173}{section.2.1}% 16
\BOOKMARK [2][-]{subsection.2.1.3}{\376\377\145\131\136\010\145\131\133\146\230\316\150\074\166\204\150\070\137\303\162\171\137\201\040\013}{section.2.1}% 17
\BOOKMARK [1][-]{section.2.2}{\376\377\145\131\200\262\127\072\146\157\116\055\166\204\131\032\152\041\140\001\122\006\147\220\142\200\147\057}{chapter.2}% 18
\BOOKMARK [2][-]{subsection.2.2.1}{\376\377\211\306\230\221\210\114\116\072\213\306\122\053\166\204\123\237\164\006\116\016\121\163\225\056\142\200\147\057}{section.2.2}% 19
\BOOKMARK [2][-]{subsection.2.2.2}{\376\377\227\363\230\221\213\306\122\053\116\016\213\355\227\363\140\305\176\352\122\006\147\220}{section.2.2}% 20
\BOOKMARK [2][-]{subsection.2.2.3}{\376\377\145\207\147\054\213\355\116\111\122\006\147\220\116\016\145\131\133\146\213\355\212\000\136\372\152\041}{section.2.2}% 21
\BOOKMARK [1][-]{section.2.3}{\376\377\147\054\172\340\134\017\176\323}{chapter.2}% 22
\BOOKMARK [0][-]{chapter.3}{\376\377\170\024\172\166\145\271\154\325\116\016\140\073\117\123\213\276\213\241}{}% 23
\BOOKMARK [1][-]{section.3.1}{\376\377\174\373\176\337\140\073\117\123\147\266\147\204}{chapter.3}% 24
\BOOKMARK [1][-]{section.3.2}{\376\377\131\032\152\041\140\001\145\160\143\156\221\307\226\306\116\016\230\204\131\004\164\006\145\271\154\325}{chapter.3}% 25
\BOOKMARK [2][-]{subsection.3.2.1}{\376\377\145\160\143\156\221\307\226\306\155\101\172\013}{section.3.2}% 26
\BOOKMARK [2][-]{subsection.3.2.2}{\376\377\211\306\230\221\230\204\131\004\164\006}{section.3.2}% 27
\BOOKMARK [2][-]{subsection.3.2.3}{\376\377\227\363\230\221\230\204\131\004\164\006}{section.3.2}% 28
\BOOKMARK [2][-]{subsection.3.2.4}{\376\377\145\207\147\054\230\204\131\004\164\006}{section.3.2}% 29
\BOOKMARK [1][-]{section.3.3}{\376\377\131\032\152\041\140\001\145\160\143\156\162\171\137\201\143\320\123\326}{chapter.3}% 30
\BOOKMARK [2][-]{subsection.3.3.1}{\376\377\227\363\230\221\152\041\140\001\162\171\137\201\143\320\123\326}{section.3.3}% 31
\BOOKMARK [2][-]{subsection.3.3.2}{\376\377\145\207\147\054\152\041\140\001\162\171\137\201\143\320\123\326}{section.3.3}% 32
\BOOKMARK [2][-]{subsection.3.3.3}{\376\377\227\363\230\221\162\171\137\201\177\026\170\001\154\107\140\073}{section.3.3}% 33
\BOOKMARK [2][-]{subsection.3.3.4}{\376\377\211\306\230\221\152\041\140\001\162\171\137\201\143\320\123\326}{section.3.3}% 34
\BOOKMARK [2][-]{subsection.3.3.5}{\376\377\145\366\136\217\122\250\117\134\213\306\122\053}{section.3.3}% 35
\BOOKMARK [2][-]{subsection.3.3.6}{\376\377\211\306\230\221\162\171\137\201\177\026\170\001\154\107\140\073}{section.3.3}% 36
\BOOKMARK [1][-]{section.3.4}{\376\377\000S\000H\000A\000P\000E\377\032\145\131\136\010\230\316\150\074\165\073\120\317\137\025\144\316\213\276\213\241}{chapter.3}% 37
\BOOKMARK [2][-]{subsection.3.4.1}{\376\377\152\041\140\001\207\215\124\010\145\271\154\325}{section.3.4}% 38
\BOOKMARK [2][-]{subsection.3.4.2}{\376\377\000S\000H\000A\000P\000E\177\121\176\334\147\266\147\204}{section.3.4}% 39
\BOOKMARK [2][-]{subsection.3.4.3}{\376\377\143\137\131\061\121\375\145\160\116\016\117\030\123\026}{section.3.4}% 40
\BOOKMARK [1][-]{section.3.5}{\376\377\145\131\136\010\230\316\150\074\165\073\120\317\116\016\123\315\231\210\147\072\122\066\213\276\213\241}{chapter.3}% 41
\BOOKMARK [2][-]{subsection.3.5.1}{\376\377\230\316\150\074\165\073\120\317\165\037\142\020}{section.3.5}% 42
\BOOKMARK [2][-]{subsection.3.5.2}{\376\377\123\357\211\343\221\312\140\047\122\006\147\220}{section.3.5}% 43
\BOOKMARK [1][-]{section.3.6}{\376\377\133\236\232\214\147\141\116\366}{chapter.3}% 44
\BOOKMARK [1][-]{section.3.7}{\376\377\145\160\143\156\226\306\131\004\164\006}{chapter.3}% 45
\BOOKMARK [2][-]{subsection.3.7.1}{\376\377\145\160\143\156\226\306\213\364\146\016}{section.3.7}% 46
\BOOKMARK [1][-]{section.3.8}{\376\377\133\236\232\214\217\307\172\013}{chapter.3}% 47
\BOOKMARK [2][-]{subsection.3.8.1}{\376\377\133\120\152\041\127\127\230\204\213\255\176\303\213\276\177\156}{section.3.8}% 48
\BOOKMARK [2][-]{subsection.3.8.2}{\376\377\000S\000H\000A\000P\000E\172\357\122\060\172\357\213\255\176\303\213\276\177\156}{section.3.8}% 49
\BOOKMARK [1][-]{section.3.9}{\376\377\133\236\232\214\176\323\147\234\122\006\147\220}{chapter.3}% 50
\BOOKMARK [2][-]{subsection.3.9.1}{\376\377\145\164\117\123\140\047\200\375}{section.3.9}% 51
\BOOKMARK [2][-]{subsection.3.9.2}{\376\377\131\032\152\041\140\001\207\215\124\010\133\371\153\324}{section.3.9}% 52
\BOOKMARK [2][-]{subsection.3.9.3}{\376\377\155\210\207\215\133\236\232\214}{section.3.9}% 53
\BOOKMARK [2][-]{subsection.3.9.4}{\376\377\123\357\211\343\221\312\140\047\232\214\213\301}{section.3.9}% 54
\BOOKMARK [1][-]{section.3.10}{\376\377\147\054\172\340\134\017\176\323}{chapter.3}% 55
\BOOKMARK [0][-]{chapter.4}{\376\377\145\131\136\010\230\316\150\074\165\073\120\317\122\006\147\220\174\373\176\337\213\276\213\241\116\016\133\236\163\260}{}% 56
\BOOKMARK [1][-]{section.4.1}{\376\377\174\373\176\337\140\073\117\123\213\276\213\241}{chapter.4}% 57
\BOOKMARK [2][-]{subsection.4.1.1}{\376\377\174\373\176\337\213\276\213\241\123\237\122\031}{section.4.1}% 58
\BOOKMARK [2][-]{subsection.4.1.2}{\376\377\174\373\176\337\140\073\117\123\147\266\147\204}{section.4.1}% 59
\BOOKMARK [1][-]{section.4.2}{\376\377\174\373\176\337\122\237\200\375\152\041\127\127\213\276\213\241}{chapter.4}% 60
\BOOKMARK [2][-]{subsection.4.2.1}{\376\377\131\032\152\041\140\001\162\171\137\201\143\320\123\326\155\101\154\064\176\277}{section.4.2}% 61
\BOOKMARK [2][-]{subsection.4.2.2}{\376\377\230\316\150\074\122\006\174\173\143\250\164\006\147\015\122\241}{section.4.2}% 62
\BOOKMARK [2][-]{subsection.4.2.3}{\376\377\123\357\211\343\221\312\140\047\122\006\147\220\152\041\127\127}{section.4.2}% 63
\BOOKMARK [2][-]{subsection.4.2.4}{\376\377\230\316\150\074\165\073\120\317\165\037\142\020\152\041\127\127}{section.4.2}% 64
\BOOKMARK [2][-]{subsection.4.2.5}{\376\377\230\316\150\074\122\006\147\220\122\237\200\375}{section.4.2}% 65
\BOOKMARK [1][-]{section.4.3}{\376\377\142\200\147\057\150\010\220\011\127\213}{chapter.4}% 66
\BOOKMARK [2][-]{subsection.4.3.1}{\376\377\122\115\172\357\142\200\147\057}{section.4.3}% 67
\BOOKMARK [2][-]{subsection.4.3.2}{\376\377\124\016\172\357\142\200\147\057}{section.4.3}% 68
\BOOKMARK [2][-]{subsection.4.3.3}{\376\377\152\041\127\213\143\250\164\006\142\200\147\057}{section.4.3}% 69
\BOOKMARK [2][-]{subsection.4.3.4}{\376\377\145\160\143\156\133\130\120\250\142\200\147\057}{section.4.3}% 70
\BOOKMARK [2][-]{subsection.4.3.5}{\376\377\133\271\126\150\123\026\116\016\166\321\143\247}{section.4.3}% 71
\BOOKMARK [1][-]{section.4.4}{\376\377\165\114\227\142\122\237\200\375\143\317\217\360}{chapter.4}% 72
\BOOKMARK [2][-]{subsection.4.4.1}{\376\377\211\306\230\221\116\012\117\040\116\016\116\373\122\241\173\241\164\006\230\165\227\142}{section.4.4}% 73
\BOOKMARK [2][-]{subsection.4.4.2}{\376\377\230\316\150\074\165\073\120\317\176\374\124\010\134\125\171\072\230\165\227\142}{section.4.4}% 74
\BOOKMARK [2][-]{subsection.4.4.3}{\376\377\123\357\211\343\221\312\140\047\116\016\162\171\137\201\213\346\140\305\230\165\227\142}{section.4.4}% 75
\BOOKMARK [2][-]{subsection.4.4.4}{\376\377\230\316\150\074\157\024\123\330\217\375\216\052\230\165\227\142}{section.4.4}% 76
\BOOKMARK [1][-]{section.4.5}{\376\377\174\373\176\337\155\113\213\325\116\016\213\325\217\320\210\114}{chapter.4}% 77
\BOOKMARK [2][-]{subsection.4.5.1}{\376\377\155\113\213\325\163\257\130\203}{section.4.5}% 78
\BOOKMARK [2][-]{subsection.4.5.2}{\376\377\122\237\200\375\140\047\155\113\213\325}{section.4.5}% 79
\BOOKMARK [2][-]{subsection.4.5.3}{\376\377\227\136\122\237\200\375\140\047\155\113\213\325}{section.4.5}% 80
\BOOKMARK [2][-]{subsection.4.5.4}{\376\377\174\373\176\337\213\325\217\320\210\114}{section.4.5}% 81
\BOOKMARK [1][-]{section.4.6}{\376\377\147\054\172\340\134\017\176\323}{chapter.4}% 82
\BOOKMARK [0][-]{chapter.5}{\376\377\140\073\176\323\116\016\134\125\147\033}{}% 83
\BOOKMARK [1][-]{section.5.1}{\376\377\135\345\117\134\140\073\176\323}{chapter.5}% 84
\BOOKMARK [1][-]{section.5.2}{\376\377\147\052\147\145\134\125\147\033}{chapter.5}% 85
\BOOKMARK [0][-]{section.5.2}{\376\377\123\302\200\003\145\207\163\056}{}% 86
